Added Component: Designator=1(pot（长方形）)
Added Component: Designator=C1(0603C)
Add component (AddParameter): Name = "LatestRevisionDate"; Value = "17-Jul-2002"; VariantName = "[No Variations]"
Add component (AddParameter): Name = "LatestRevisionNote"; Value = "Re-released for DXP Platform."; VariantName = "[No Variations]"
Add component (AddParameter): Name = "PackageReference"; Value = "RAD-0.3"; VariantName = "[No Variations]"
Add component (AddParameter): Name = "Published"; Value = "8-Jun-2000"; VariantName = "[No Variations]"
Add component (AddParameter): Name = "Publisher"; Value = "Altium Limited"; VariantName = "[No Variations]"
Add component (AddParameter): Name = "Value"; Value = "104"; VariantName = "[No Variations]"
Added Component: Designator=C2(cap_6.3_tie)
Added Component: Designator=C3(CAP_10_TIE)
Add component (AddParameter): Name = "LatestRevisionDate"; Value = "17-Jul-2002"; VariantName = "[No Variations]"
Add component (AddParameter): Name = "LatestRevisionNote"; Value = "Re-released for DXP Platform."; VariantName = "[No Variations]"
Add component (AddParameter): Name = "PackageReference"; Value = "RB7.6-15"; VariantName = "[No Variations]"
Add component (AddParameter): Name = "Published"; Value = "8-Jun-2000"; VariantName = "[No Variations]"
Add component (AddParameter): Name = "Publisher"; Value = "Altium Limited"; VariantName = "[No Variations]"
Add component (AddParameter): Name = "Value"; Value = "470uf"; VariantName = "[No Variations]"
Added Component: Designator=C4(0603C)
Add component (AddParameter): Name = "LatestRevisionDate"; Value = "17-Jul-2002"; VariantName = "[No Variations]"
Add component (AddParameter): Name = "LatestRevisionNote"; Value = "Re-released for DXP Platform."; VariantName = "[No Variations]"
Add component (AddParameter): Name = "PackageReference"; Value = "RAD-0.3"; VariantName = "[No Variations]"
Add component (AddParameter): Name = "Published"; Value = "8-Jun-2000"; VariantName = "[No Variations]"
Add component (AddParameter): Name = "Publisher"; Value = "Altium Limited"; VariantName = "[No Variations]"
Add component (AddParameter): Name = "Value"; Value = "104"; VariantName = "[No Variations]"
Added Component: Designator=C5(0603C)
Add component (AddParameter): Name = "LatestRevisionDate"; Value = "17-Jul-2002"; VariantName = "[No Variations]"
Add component (AddParameter): Name = "LatestRevisionNote"; Value = "Re-released for DXP Platform."; VariantName = "[No Variations]"
Add component (AddParameter): Name = "PackageReference"; Value = "RAD-0.3"; VariantName = "[No Variations]"
Add component (AddParameter): Name = "Published"; Value = "8-Jun-2000"; VariantName = "[No Variations]"
Add component (AddParameter): Name = "Publisher"; Value = "Altium Limited"; VariantName = "[No Variations]"
Add component (AddParameter): Name = "Value"; Value = "104"; VariantName = "[No Variations]"
Added Component: Designator=C6(0603C)
Add component (AddParameter): Name = "LatestRevisionDate"; Value = "17-Jul-2002"; VariantName = "[No Variations]"
Add component (AddParameter): Name = "LatestRevisionNote"; Value = "Re-released for DXP Platform."; VariantName = "[No Variations]"
Add component (AddParameter): Name = "PackageReference"; Value = "RAD-0.3"; VariantName = "[No Variations]"
Add component (AddParameter): Name = "Published"; Value = "8-Jun-2000"; VariantName = "[No Variations]"
Add component (AddParameter): Name = "Publisher"; Value = "Altium Limited"; VariantName = "[No Variations]"
Add component (AddParameter): Name = "Value"; Value = "104"; VariantName = "[No Variations]"
Added Component: Designator=C7(0603C)
Add component (AddParameter): Name = "LatestRevisionDate"; Value = "17-Jul-2002"; VariantName = "[No Variations]"
Add component (AddParameter): Name = "LatestRevisionNote"; Value = "Re-released for DXP Platform."; VariantName = "[No Variations]"
Add component (AddParameter): Name = "PackageReference"; Value = "RAD-0.3"; VariantName = "[No Variations]"
Add component (AddParameter): Name = "Published"; Value = "8-Jun-2000"; VariantName = "[No Variations]"
Add component (AddParameter): Name = "Publisher"; Value = "Altium Limited"; VariantName = "[No Variations]"
Add component (AddParameter): Name = "Value"; Value = "104"; VariantName = "[No Variations]"
Added Component: Designator=C8(0603C)
Add component (AddParameter): Name = "LatestRevisionDate"; Value = "17-Jul-2002"; VariantName = "[No Variations]"
Add component (AddParameter): Name = "LatestRevisionNote"; Value = "Re-released for DXP Platform."; VariantName = "[No Variations]"
Add component (AddParameter): Name = "PackageReference"; Value = "RAD-0.3"; VariantName = "[No Variations]"
Add component (AddParameter): Name = "Published"; Value = "8-Jun-2000"; VariantName = "[No Variations]"
Add component (AddParameter): Name = "Publisher"; Value = "Altium Limited"; VariantName = "[No Variations]"
Add component (AddParameter): Name = "Value"; Value = "104"; VariantName = "[No Variations]"
Added Component: Designator=C9(0603C)
Add component (AddParameter): Name = "LatestRevisionDate"; Value = "17-Jul-2002"; VariantName = "[No Variations]"
Add component (AddParameter): Name = "LatestRevisionNote"; Value = "Re-released for DXP Platform."; VariantName = "[No Variations]"
Add component (AddParameter): Name = "PackageReference"; Value = "RAD-0.3"; VariantName = "[No Variations]"
Add component (AddParameter): Name = "Published"; Value = "8-Jun-2000"; VariantName = "[No Variations]"
Add component (AddParameter): Name = "Publisher"; Value = "Altium Limited"; VariantName = "[No Variations]"
Add component (AddParameter): Name = "Value"; Value = "104"; VariantName = "[No Variations]"
Added Component: Designator=C10(0603C)
Add component (AddParameter): Name = "LatestRevisionDate"; Value = "17-Jul-2002"; VariantName = "[No Variations]"
Add component (AddParameter): Name = "LatestRevisionNote"; Value = "Re-released for DXP Platform."; VariantName = "[No Variations]"
Add component (AddParameter): Name = "PackageReference"; Value = "RAD-0.3"; VariantName = "[No Variations]"
Add component (AddParameter): Name = "Published"; Value = "8-Jun-2000"; VariantName = "[No Variations]"
Add component (AddParameter): Name = "Publisher"; Value = "Altium Limited"; VariantName = "[No Variations]"
Add component (AddParameter): Name = "Value"; Value = "104"; VariantName = "[No Variations]"
Added Component: Designator=C11(0603C)
Add component (AddParameter): Name = "LatestRevisionDate"; Value = "17-Jul-2002"; VariantName = "[No Variations]"
Add component (AddParameter): Name = "LatestRevisionNote"; Value = "Re-released for DXP Platform."; VariantName = "[No Variations]"
Add component (AddParameter): Name = "PackageReference"; Value = "RAD-0.3"; VariantName = "[No Variations]"
Add component (AddParameter): Name = "Published"; Value = "8-Jun-2000"; VariantName = "[No Variations]"
Add component (AddParameter): Name = "Publisher"; Value = "Altium Limited"; VariantName = "[No Variations]"
Add component (AddParameter): Name = "Value"; Value = "104"; VariantName = "[No Variations]"
Added Component: Designator=C12(0603C)
Add component (AddParameter): Name = "LatestRevisionDate"; Value = "17-Jul-2002"; VariantName = "[No Variations]"
Add component (AddParameter): Name = "LatestRevisionNote"; Value = "Re-released for DXP Platform."; VariantName = "[No Variations]"
Add component (AddParameter): Name = "PackageReference"; Value = "RAD-0.3"; VariantName = "[No Variations]"
Add component (AddParameter): Name = "Published"; Value = "8-Jun-2000"; VariantName = "[No Variations]"
Add component (AddParameter): Name = "Publisher"; Value = "Altium Limited"; VariantName = "[No Variations]"
Add component (AddParameter): Name = "Value"; Value = "104"; VariantName = "[No Variations]"
Added Component: Designator=L1(L_8x15)
Add component (AddParameter): Name = "LatestRevisionDate"; Value = "17-Jul-2002"; VariantName = "[No Variations]"
Add component (AddParameter): Name = "LatestRevisionNote"; Value = "Re-released for DXP Platform."; VariantName = "[No Variations]"
Add component (AddParameter): Name = "PackageReference"; Value = "DIODE_SMC"; VariantName = "[No Variations]"
Add component (AddParameter): Name = "Published"; Value = "24-Mar-1999"; VariantName = "[No Variations]"
Add component (AddParameter): Name = "Publisher"; Value = "Altium Limited"; VariantName = "[No Variations]"
Add component (AddParameter): Name = "Value"; Value = "47uH"; VariantName = "[No Variations]"
Added Component: Designator=LM1(spx520)
Added Component: Designator=PLED1(0603L)
Added Component: Designator=PP1(接线柱_2)
Add component (AddParameter): Name = "LatestRevisionDate"; Value = "17-Jul-2002"; VariantName = "[No Variations]"
Add component (AddParameter): Name = "LatestRevisionNote"; Value = "Re-released for DXP Platform."; VariantName = "[No Variations]"
Add component (AddParameter): Name = "Publisher"; Value = "Altium Limited"; VariantName = "[No Variations]"
Added Component: Designator=R1(0603R)
Add component (AddParameter): Name = "LatestRevisionDate"; Value = "17-Jul-2002"; VariantName = "[No Variations]"
Add component (AddParameter): Name = "LatestRevisionNote"; Value = "Re-released for DXP Platform."; VariantName = "[No Variations]"
Add component (AddParameter): Name = "PackageReference"; Value = "AXIAL-0.4"; VariantName = "[No Variations]"
Add component (AddParameter): Name = "Published"; Value = "8-Jun-2000"; VariantName = "[No Variations]"
Add component (AddParameter): Name = "Publisher"; Value = "Altium Limited"; VariantName = "[No Variations]"
Add component (AddParameter): Name = "Value"; Value = "2k"; VariantName = "[No Variations]"
Added Component: Designator=R2(0603R)
Add component (AddParameter): Name = "LatestRevisionDate"; Value = "17-Jul-2002"; VariantName = "[No Variations]"
Add component (AddParameter): Name = "LatestRevisionNote"; Value = "Re-released for DXP Platform."; VariantName = "[No Variations]"
Add component (AddParameter): Name = "PackageReference"; Value = "AXIAL-0.4"; VariantName = "[No Variations]"
Add component (AddParameter): Name = "Published"; Value = "8-Jun-2000"; VariantName = "[No Variations]"
Add component (AddParameter): Name = "Publisher"; Value = "Altium Limited"; VariantName = "[No Variations]"
Add component (AddParameter): Name = "Value"; Value = "1K"; VariantName = "[No Variations]"
Added Component: Designator=R3(0603R)
Add component (AddParameter): Name = "LatestRevisionDate"; Value = "17-Jul-2002"; VariantName = "[No Variations]"
Add component (AddParameter): Name = "LatestRevisionNote"; Value = "Re-released for DXP Platform."; VariantName = "[No Variations]"
Add component (AddParameter): Name = "PackageReference"; Value = "AXIAL-0.4"; VariantName = "[No Variations]"
Add component (AddParameter): Name = "Published"; Value = "8-Jun-2000"; VariantName = "[No Variations]"
Add component (AddParameter): Name = "Publisher"; Value = "Altium Limited"; VariantName = "[No Variations]"
Add component (AddParameter): Name = "Value"; Value = "1K"; VariantName = "[No Variations]"
Added Component: Designator=R_RST1(0603R)
Add component (AddParameter): Name = "LatestRevisionDate"; Value = "17-Jul-2002"; VariantName = "[No Variations]"
Add component (AddParameter): Name = "LatestRevisionNote"; Value = "Re-released for DXP Platform."; VariantName = "[No Variations]"
Add component (AddParameter): Name = "PackageReference"; Value = "AXIAL-0.4"; VariantName = "[No Variations]"
Add component (AddParameter): Name = "Published"; Value = "8-Jun-2000"; VariantName = "[No Variations]"
Add component (AddParameter): Name = "Publisher"; Value = "Altium Limited"; VariantName = "[No Variations]"
Add component (AddParameter): Name = "Value"; Value = "1K"; VariantName = "[No Variations]"
Added Component: Designator=SS1(SS54)
Add component (AddParameter): Name = "Code_JEDEC"; Value = "DO-204-AL"; VariantName = "[No Variations]"
Add component (AddParameter): Name = "ComponentLink1Description"; Value = "Manufacturer Link"; VariantName = "[No Variations]"
Add component (AddParameter): Name = "ComponentLink1URL"; Value = "http://www.fairchildsemi.com/"; VariantName = "[No Variations]"
Add component (AddParameter): Name = "ComponentLink2Description"; Value = "Datasheet"; VariantName = "[No Variations]"
Add component (AddParameter): Name = "ComponentLink2URL"; Value = "http://www.fairchildsemi.com/ds/1N%2F1N4001.pdf"; VariantName = "[No Variations]"
Add component (AddParameter): Name = "DatasheetDocument"; Value = "1998"; VariantName = "[No Variations]"
Add component (AddParameter): Name = "LatestRevisionDate"; Value = "17-Jul-2002"; VariantName = "[No Variations]"
Add component (AddParameter): Name = "LatestRevisionNote"; Value = "Re-released for DXP Platform."; VariantName = "[No Variations]"
Add component (AddParameter): Name = "PackageDocument"; Value = "Aug-1999"; VariantName = "[No Variations]"
Add component (AddParameter): Name = "PackageReference"; Value = "DO-41"; VariantName = "[No Variations]"
Add component (AddParameter): Name = "Published"; Value = "8-Jun-2000"; VariantName = "[No Variations]"
Add component (AddParameter): Name = "Publisher"; Value = "Altium Limited"; VariantName = "[No Variations]"
Added Component: Designator=SS2(贴片_4007)
Add component (AddParameter): Name = "Code_JEDEC"; Value = "DO-214-AB"; VariantName = "[No Variations]"
Add component (AddParameter): Name = "LatestRevisionDate"; Value = "17-Jul-2002"; VariantName = "[No Variations]"
Add component (AddParameter): Name = "LatestRevisionNote"; Value = "Re-released for DXP Platform."; VariantName = "[No Variations]"
Add component (AddParameter): Name = "PackageDocument"; Value = "Sep-1996"; VariantName = "[No Variations]"
Add component (AddParameter): Name = "PackageReference"; Value = "SMC"; VariantName = "[No Variations]"
Add component (AddParameter): Name = "Published"; Value = "8-Jun-2000"; VariantName = "[No Variations]"
Add component (AddParameter): Name = "Publisher"; Value = "Altium Limited"; VariantName = "[No Variations]"
Added Component: Designator=STM32C8T6(LQFP48)
Added Component: Designator=SW1(SW-6A)
Added Component: Designator=U1(sot-223)
Added Component: Designator=xl1(TO-263(S))
Added Component: Designator=XT_1(XTAL_3213)
Added Pin To Net: NetName=BOOT0 Pin=STM32C8T6-44
Added Net: Name=BOOT0
Added Pin To Net: NetName=BOOT1 Pin=C1-1
Added Pin To Net: NetName=BOOT1 Pin=C2-2
Added Pin To Net: NetName=BOOT1 Pin=C3-2
Added Pin To Net: NetName=BOOT1 Pin=C4-2
Added Pin To Net: NetName=BOOT1 Pin=C5-1
Added Pin To Net: NetName=BOOT1 Pin=C6-1
Added Pin To Net: NetName=BOOT1 Pin=C7-2
Added Pin To Net: NetName=BOOT1 Pin=C9-2
Added Pin To Net: NetName=BOOT1 Pin=C10-1
Added Pin To Net: NetName=BOOT1 Pin=C11-1
Added Pin To Net: NetName=BOOT1 Pin=C12-1
Added Pin To Net: NetName=BOOT1 Pin=LM1-2
Added Pin To Net: NetName=BOOT1 Pin=PP1-1
Added Pin To Net: NetName=BOOT1 Pin=R1-2
Added Pin To Net: NetName=BOOT1 Pin=R2-1
Added Pin To Net: NetName=BOOT1 Pin=SS1-1
Added Pin To Net: NetName=BOOT1 Pin=STM32C8T6-8
Added Pin To Net: NetName=BOOT1 Pin=STM32C8T6-20
Added Pin To Net: NetName=BOOT1 Pin=STM32C8T6-23
Added Pin To Net: NetName=BOOT1 Pin=STM32C8T6-35
Added Pin To Net: NetName=BOOT1 Pin=STM32C8T6-47
Added Pin To Net: NetName=BOOT1 Pin=U1-1
Added Pin To Net: NetName=BOOT1 Pin=xl1-1
Added Pin To Net: NetName=BOOT1 Pin=XT_1-2
Added Net: Name=BOOT1
Added Pin To Net: NetName=CAN_RX(PA11) Pin=STM32C8T6-32
Added Net: Name=CAN_RX(PA11)
Added Pin To Net: NetName=CAN_TX(PA12) Pin=STM32C8T6-33
Added Net: Name=CAN_TX(PA12)
Added Pin To Net: NetName=Net1_2 Pin=1-2
Added Pin To Net: NetName=Net1_2 Pin=1-3
Added Pin To Net: NetName=Net1_2 Pin=R1-1
Added Pin To Net: NetName=Net1_2 Pin=xl1-2
Added Net: Name=Net1_2
Added Pin To Net: NetName=NetC8_2 Pin=C8-2
Added Pin To Net: NetName=NetC8_2 Pin=xl1-4
Added Net: Name=NetC8_2
Added Pin To Net: NetName=NetL1_1 Pin=L1-1
Added Pin To Net: NetName=NetL1_1 Pin=SS1-2
Added Pin To Net: NetName=NetL1_1 Pin=xl1-3
Added Pin To Net: NetName=NetL1_1 Pin=xl1-3
Added Net: Name=NetL1_1
Added Pin To Net: NetName=NetLM1_3 Pin=LM1-3
Added Pin To Net: NetName=NetLM1_3 Pin=R3-2
Added Net: Name=NetLM1_3
Added Pin To Net: NetName=NetPLED1_2 Pin=PLED1-2
Added Pin To Net: NetName=NetPLED1_2 Pin=R2-2
Added Net: Name=NetPLED1_2
Added Pin To Net: NetName=NetPP1_2 Pin=PP1-2
Added Pin To Net: NetName=NetPP1_2 Pin=SW1-1
Added Net: Name=NetPP1_2
Added Pin To Net: NetName=NetSS2_1 Pin=SS2-1
Added Pin To Net: NetName=NetSS2_1 Pin=SW1-2
Added Net: Name=NetSS2_1
Added Pin To Net: NetName=PA0 Pin=STM32C8T6-10
Added Net: Name=PA0
Added Pin To Net: NetName=PA1 Pin=STM32C8T6-11
Added Net: Name=PA1
Added Pin To Net: NetName=PA2 Pin=STM32C8T6-12
Added Net: Name=PA2
Added Pin To Net: NetName=PA3 Pin=STM32C8T6-13
Added Net: Name=PA3
Added Pin To Net: NetName=PA4 Pin=STM32C8T6-14
Added Net: Name=PA4
Added Pin To Net: NetName=PA5 Pin=STM32C8T6-15
Added Net: Name=PA5
Added Pin To Net: NetName=PA6 Pin=STM32C8T6-16
Added Net: Name=PA6
Added Pin To Net: NetName=PA7 Pin=STM32C8T6-17
Added Net: Name=PA7
Added Pin To Net: NetName=PA8 Pin=STM32C8T6-29
Added Net: Name=PA8
Added Pin To Net: NetName=PA9 Pin=STM32C8T6-30
Added Net: Name=PA9
Added Pin To Net: NetName=PA13 Pin=STM32C8T6-34
Added Net: Name=PA13
Added Pin To Net: NetName=PA14 Pin=STM32C8T6-37
Added Net: Name=PA14
Added Pin To Net: NetName=PA15 Pin=STM32C8T6-38
Added Net: Name=PA15
Added Pin To Net: NetName=PB0 Pin=STM32C8T6-18
Added Net: Name=PB0
Added Pin To Net: NetName=PB1 Pin=STM32C8T6-19
Added Net: Name=PB1
Added Pin To Net: NetName=PB3 Pin=STM32C8T6-39
Added Net: Name=PB3
Added Pin To Net: NetName=PB4 Pin=STM32C8T6-40
Added Net: Name=PB4
Added Pin To Net: NetName=PB5 Pin=STM32C8T6-41
Added Net: Name=PB5
Added Pin To Net: NetName=PB6 Pin=STM32C8T6-42
Added Net: Name=PB6
Added Pin To Net: NetName=PB7 Pin=STM32C8T6-43
Added Net: Name=PB7
Added Pin To Net: NetName=PB8 Pin=STM32C8T6-45
Added Net: Name=PB8
Added Pin To Net: NetName=PB9 Pin=STM32C8T6-46
Added Net: Name=PB9
Added Pin To Net: NetName=PB10 Pin=STM32C8T6-21
Added Net: Name=PB10
Added Pin To Net: NetName=PB11 Pin=STM32C8T6-22
Added Net: Name=PB11
Added Pin To Net: NetName=PB12 Pin=STM32C8T6-25
Added Net: Name=PB12
Added Pin To Net: NetName=PB13 Pin=STM32C8T6-26
Added Net: Name=PB13
Added Pin To Net: NetName=PB14 Pin=STM32C8T6-27
Added Net: Name=PB14
Added Pin To Net: NetName=PB15 Pin=STM32C8T6-28
Added Net: Name=PB15
Added Pin To Net: NetName=RST Pin=C12-2
Added Pin To Net: NetName=RST Pin=R_RST1-2
Added Pin To Net: NetName=RST Pin=STM32C8T6-7
Added Net: Name=RST
Added Pin To Net: NetName=RXD1 Pin=STM32C8T6-31
Added Net: Name=RXD1
Added Pin To Net: NetName=VCC-3.3 Pin=C10-2
Added Pin To Net: NetName=VCC-3.3 Pin=LM1-5
Added Pin To Net: NetName=VCC-3.3 Pin=PLED1-1
Added Pin To Net: NetName=VCC-3.3 Pin=R_RST1-1
Added Pin To Net: NetName=VCC-3.3 Pin=STM32C8T6-1
Added Pin To Net: NetName=VCC-3.3 Pin=STM32C8T6-9
Added Pin To Net: NetName=VCC-3.3 Pin=STM32C8T6-24
Added Pin To Net: NetName=VCC-3.3 Pin=STM32C8T6-36
Added Pin To Net: NetName=VCC-3.3 Pin=STM32C8T6-48
Added Net: Name=VCC-3.3
Added Pin To Net: NetName=VCC-5.0 Pin=C1-2
Added Pin To Net: NetName=VCC-5.0 Pin=C6-2
Added Pin To Net: NetName=VCC-5.0 Pin=C11-2
Added Pin To Net: NetName=VCC-5.0 Pin=LM1-1
Added Pin To Net: NetName=VCC-5.0 Pin=R3-1
Added Pin To Net: NetName=VCC-5.0 Pin=U1-2
Added Pin To Net: NetName=VCC-5.0 Pin=U1-2
Added Net: Name=VCC-5.0
Added Pin To Net: NetName=VCC-IN Pin=C3-1
Added Pin To Net: NetName=VCC-IN Pin=C4-1
Added Pin To Net: NetName=VCC-IN Pin=C8-1
Added Pin To Net: NetName=VCC-IN Pin=xl1-5
Added Net: Name=VCC-IN
Added Pin To Net: NetName=VDJ Pin=1-1
Added Pin To Net: NetName=VDJ Pin=C2-1
Added Pin To Net: NetName=VDJ Pin=C7-1
Added Pin To Net: NetName=VDJ Pin=C9-1
Added Pin To Net: NetName=VDJ Pin=L1-2
Added Net: Name=VDJ
Added Pin To Net: NetName=VIN Pin=C5-2
Added Pin To Net: NetName=VIN Pin=SS2-2
Added Pin To Net: NetName=VIN Pin=U1-3
Added Net: Name=VIN
Added Pin To Net: NetName=XTAL1 Pin=STM32C8T6-5
Added Pin To Net: NetName=XTAL1 Pin=XT_1-1
Added Net: Name=XTAL1
Added Pin To Net: NetName=XTAL2 Pin=STM32C8T6-6
Added Pin To Net: NetName=XTAL2 Pin=XT_1-3
Added Net: Name=XTAL2
Added Class: Name=Sheet1
Added Room: Name=Sheet1
