Added Component: Designator=1(pot（长方形）)
Added Component: Designator=2(HDR2X2)
Add component (AddParameter): Name = "LatestRevisionDate"; Value = "17-Jul-2002"; VariantName = "[No Variations]"
Add component (AddParameter): Name = "LatestRevisionNote"; Value = "Re-released for DXP Platform."; VariantName = "[No Variations]"
Add component (AddParameter): Name = "Publisher"; Value = "Altium Limited"; VariantName = "[No Variations]"
Added Component: Designator=3(HDR2X3)
Add component (AddParameter): Name = "LatestRevisionDate"; Value = "17-Jul-2002"; VariantName = "[No Variations]"
Add component (AddParameter): Name = "LatestRevisionNote"; Value = "Re-released for DXP Platform."; VariantName = "[No Variations]"
Add component (AddParameter): Name = "Publisher"; Value = "Altium Limited"; VariantName = "[No Variations]"
Added Component: Designator=4(0805L)
Add component (AddParameter): Name = "Code_JEDEC"; Value = "DO-204-AL"; VariantName = "[No Variations]"
Add component (AddParameter): Name = "ComponentLink1Description"; Value = "Manufacturer Link"; VariantName = "[No Variations]"
Add component (AddParameter): Name = "ComponentLink1URL"; Value = "http://www.fairchildsemi.com/"; VariantName = "[No Variations]"
Add component (AddParameter): Name = "ComponentLink2Description"; Value = "Datasheet"; VariantName = "[No Variations]"
Add component (AddParameter): Name = "ComponentLink2URL"; Value = "http://www.fairchildsemi.com/ds/1N%2F1N4001.pdf"; VariantName = "[No Variations]"
Add component (AddParameter): Name = "DatasheetDocument"; Value = "1998"; VariantName = "[No Variations]"
Add component (AddParameter): Name = "LatestRevisionDate"; Value = "17-Jul-2002"; VariantName = "[No Variations]"
Add component (AddParameter): Name = "LatestRevisionNote"; Value = "Re-released for DXP Platform."; VariantName = "[No Variations]"
Add component (AddParameter): Name = "PackageDocument"; Value = "Aug-1999"; VariantName = "[No Variations]"
Add component (AddParameter): Name = "PackageReference"; Value = "DO-41"; VariantName = "[No Variations]"
Add component (AddParameter): Name = "Published"; Value = "8-Jun-2000"; VariantName = "[No Variations]"
Add component (AddParameter): Name = "Publisher"; Value = "Altium Limited"; VariantName = "[No Variations]"
Added Component: Designator=BOOT1(HDR1X3)
Add component (AddParameter): Name = "LatestRevisionDate"; Value = "17-Jul-2002"; VariantName = "[No Variations]"
Add component (AddParameter): Name = "LatestRevisionNote"; Value = "Re-released for DXP Platform."; VariantName = "[No Variations]"
Add component (AddParameter): Name = "Publisher"; Value = "Altium Limited"; VariantName = "[No Variations]"
Added Component: Designator=C1(0603C)
Add component (AddParameter): Name = "LatestRevisionDate"; Value = "17-Jul-2002"; VariantName = "[No Variations]"
Add component (AddParameter): Name = "LatestRevisionNote"; Value = "Re-released for DXP Platform."; VariantName = "[No Variations]"
Add component (AddParameter): Name = "PackageReference"; Value = "RAD-0.3"; VariantName = "[No Variations]"
Add component (AddParameter): Name = "Published"; Value = "8-Jun-2000"; VariantName = "[No Variations]"
Add component (AddParameter): Name = "Publisher"; Value = "Altium Limited"; VariantName = "[No Variations]"
Add component (AddParameter): Name = "Value"; Value = "104"; VariantName = "[No Variations]"
Added Component: Designator=C2(0603C)
Add component (AddParameter): Name = "LatestRevisionDate"; Value = "17-Jul-2002"; VariantName = "[No Variations]"
Add component (AddParameter): Name = "LatestRevisionNote"; Value = "Re-released for DXP Platform."; VariantName = "[No Variations]"
Add component (AddParameter): Name = "PackageReference"; Value = "RAD-0.3"; VariantName = "[No Variations]"
Add component (AddParameter): Name = "Published"; Value = "8-Jun-2000"; VariantName = "[No Variations]"
Add component (AddParameter): Name = "Publisher"; Value = "Altium Limited"; VariantName = "[No Variations]"
Add component (AddParameter): Name = "Value"; Value = "105"; VariantName = "[No Variations]"
Added Component: Designator=C3(CAP_10_TIE)
Add component (AddParameter): Name = "LatestRevisionDate"; Value = "17-Jul-2002"; VariantName = "[No Variations]"
Add component (AddParameter): Name = "LatestRevisionNote"; Value = "Re-released for DXP Platform."; VariantName = "[No Variations]"
Add component (AddParameter): Name = "PackageReference"; Value = "RB7.6-15"; VariantName = "[No Variations]"
Add component (AddParameter): Name = "Published"; Value = "8-Jun-2000"; VariantName = "[No Variations]"
Add component (AddParameter): Name = "Publisher"; Value = "Altium Limited"; VariantName = "[No Variations]"
Add component (AddParameter): Name = "Value"; Value = "470uf50V"; VariantName = "[No Variations]"
Added Component: Designator=C4(0603C)
Add component (AddParameter): Name = "LatestRevisionDate"; Value = "17-Jul-2002"; VariantName = "[No Variations]"
Add component (AddParameter): Name = "LatestRevisionNote"; Value = "Re-released for DXP Platform."; VariantName = "[No Variations]"
Add component (AddParameter): Name = "PackageReference"; Value = "RAD-0.3"; VariantName = "[No Variations]"
Add component (AddParameter): Name = "Published"; Value = "8-Jun-2000"; VariantName = "[No Variations]"
Add component (AddParameter): Name = "Publisher"; Value = "Altium Limited"; VariantName = "[No Variations]"
Add component (AddParameter): Name = "Value"; Value = "105"; VariantName = "[No Variations]"
Added Component: Designator=C5(0603C)
Add component (AddParameter): Name = "LatestRevisionDate"; Value = "17-Jul-2002"; VariantName = "[No Variations]"
Add component (AddParameter): Name = "LatestRevisionNote"; Value = "Re-released for DXP Platform."; VariantName = "[No Variations]"
Add component (AddParameter): Name = "PackageReference"; Value = "RAD-0.3"; VariantName = "[No Variations]"
Add component (AddParameter): Name = "Published"; Value = "8-Jun-2000"; VariantName = "[No Variations]"
Add component (AddParameter): Name = "Publisher"; Value = "Altium Limited"; VariantName = "[No Variations]"
Add component (AddParameter): Name = "Value"; Value = "104"; VariantName = "[No Variations]"
Added Component: Designator=C6(0603C)
Add component (AddParameter): Name = "LatestRevisionDate"; Value = "17-Jul-2002"; VariantName = "[No Variations]"
Add component (AddParameter): Name = "LatestRevisionNote"; Value = "Re-released for DXP Platform."; VariantName = "[No Variations]"
Add component (AddParameter): Name = "PackageReference"; Value = "RAD-0.3"; VariantName = "[No Variations]"
Add component (AddParameter): Name = "Published"; Value = "8-Jun-2000"; VariantName = "[No Variations]"
Add component (AddParameter): Name = "Publisher"; Value = "Altium Limited"; VariantName = "[No Variations]"
Add component (AddParameter): Name = "Value"; Value = "104"; VariantName = "[No Variations]"
Added Component: Designator=C7(cap_6.3_tie)
Added Component: Designator=C8(0603C)
Add component (AddParameter): Name = "LatestRevisionDate"; Value = "17-Jul-2002"; VariantName = "[No Variations]"
Add component (AddParameter): Name = "LatestRevisionNote"; Value = "Re-released for DXP Platform."; VariantName = "[No Variations]"
Add component (AddParameter): Name = "PackageReference"; Value = "RAD-0.3"; VariantName = "[No Variations]"
Add component (AddParameter): Name = "Published"; Value = "8-Jun-2000"; VariantName = "[No Variations]"
Add component (AddParameter): Name = "Publisher"; Value = "Altium Limited"; VariantName = "[No Variations]"
Add component (AddParameter): Name = "Value"; Value = "33nf"; VariantName = "[No Variations]"
Added Component: Designator=C9(0603C)
Add component (AddParameter): Name = "LatestRevisionDate"; Value = "17-Jul-2002"; VariantName = "[No Variations]"
Add component (AddParameter): Name = "LatestRevisionNote"; Value = "Re-released for DXP Platform."; VariantName = "[No Variations]"
Add component (AddParameter): Name = "PackageReference"; Value = "RAD-0.3"; VariantName = "[No Variations]"
Add component (AddParameter): Name = "Published"; Value = "8-Jun-2000"; VariantName = "[No Variations]"
Add component (AddParameter): Name = "Publisher"; Value = "Altium Limited"; VariantName = "[No Variations]"
Add component (AddParameter): Name = "Value"; Value = "105"; VariantName = "[No Variations]"
Added Component: Designator=C10(0603C)
Add component (AddParameter): Name = "LatestRevisionDate"; Value = "17-Jul-2002"; VariantName = "[No Variations]"
Add component (AddParameter): Name = "LatestRevisionNote"; Value = "Re-released for DXP Platform."; VariantName = "[No Variations]"
Add component (AddParameter): Name = "PackageReference"; Value = "RAD-0.3"; VariantName = "[No Variations]"
Add component (AddParameter): Name = "Published"; Value = "8-Jun-2000"; VariantName = "[No Variations]"
Add component (AddParameter): Name = "Publisher"; Value = "Altium Limited"; VariantName = "[No Variations]"
Add component (AddParameter): Name = "Value"; Value = "104"; VariantName = "[No Variations]"
Added Component: Designator=C11(0603C)
Add component (AddParameter): Name = "LatestRevisionDate"; Value = "17-Jul-2002"; VariantName = "[No Variations]"
Add component (AddParameter): Name = "LatestRevisionNote"; Value = "Re-released for DXP Platform."; VariantName = "[No Variations]"
Add component (AddParameter): Name = "PackageReference"; Value = "RAD-0.3"; VariantName = "[No Variations]"
Add component (AddParameter): Name = "Published"; Value = "8-Jun-2000"; VariantName = "[No Variations]"
Add component (AddParameter): Name = "Publisher"; Value = "Altium Limited"; VariantName = "[No Variations]"
Add component (AddParameter): Name = "Value"; Value = "104"; VariantName = "[No Variations]"
Added Component: Designator=C12(0603C)
Add component (AddParameter): Name = "LatestRevisionDate"; Value = "17-Jul-2002"; VariantName = "[No Variations]"
Add component (AddParameter): Name = "LatestRevisionNote"; Value = "Re-released for DXP Platform."; VariantName = "[No Variations]"
Add component (AddParameter): Name = "PackageReference"; Value = "RAD-0.3"; VariantName = "[No Variations]"
Add component (AddParameter): Name = "Published"; Value = "8-Jun-2000"; VariantName = "[No Variations]"
Add component (AddParameter): Name = "Publisher"; Value = "Altium Limited"; VariantName = "[No Variations]"
Add component (AddParameter): Name = "Value"; Value = "104"; VariantName = "[No Variations]"
Added Component: Designator=C13(0603C)
Add component (AddParameter): Name = "LatestRevisionDate"; Value = "17-Jul-2002"; VariantName = "[No Variations]"
Add component (AddParameter): Name = "LatestRevisionNote"; Value = "Re-released for DXP Platform."; VariantName = "[No Variations]"
Add component (AddParameter): Name = "PackageReference"; Value = "RAD-0.3"; VariantName = "[No Variations]"
Add component (AddParameter): Name = "Published"; Value = "8-Jun-2000"; VariantName = "[No Variations]"
Add component (AddParameter): Name = "Publisher"; Value = "Altium Limited"; VariantName = "[No Variations]"
Add component (AddParameter): Name = "Value"; Value = "104"; VariantName = "[No Variations]"
Added Component: Designator=C14(0603C)
Add component (AddParameter): Name = "LatestRevisionDate"; Value = "17-Jul-2002"; VariantName = "[No Variations]"
Add component (AddParameter): Name = "LatestRevisionNote"; Value = "Re-released for DXP Platform."; VariantName = "[No Variations]"
Add component (AddParameter): Name = "PackageReference"; Value = "RAD-0.3"; VariantName = "[No Variations]"
Add component (AddParameter): Name = "Published"; Value = "8-Jun-2000"; VariantName = "[No Variations]"
Add component (AddParameter): Name = "Publisher"; Value = "Altium Limited"; VariantName = "[No Variations]"
Add component (AddParameter): Name = "Value"; Value = "104"; VariantName = "[No Variations]"
Added Component: Designator=C15(0603C)
Add component (AddParameter): Name = "LatestRevisionDate"; Value = "17-Jul-2002"; VariantName = "[No Variations]"
Add component (AddParameter): Name = "LatestRevisionNote"; Value = "Re-released for DXP Platform."; VariantName = "[No Variations]"
Add component (AddParameter): Name = "PackageReference"; Value = "RAD-0.3"; VariantName = "[No Variations]"
Add component (AddParameter): Name = "Published"; Value = "8-Jun-2000"; VariantName = "[No Variations]"
Add component (AddParameter): Name = "Publisher"; Value = "Altium Limited"; VariantName = "[No Variations]"
Add component (AddParameter): Name = "Value"; Value = "104"; VariantName = "[No Variations]"
Added Component: Designator=C16(0603C)
Add component (AddParameter): Name = "LatestRevisionDate"; Value = "17-Jul-2002"; VariantName = "[No Variations]"
Add component (AddParameter): Name = "LatestRevisionNote"; Value = "Re-released for DXP Platform."; VariantName = "[No Variations]"
Add component (AddParameter): Name = "PackageReference"; Value = "RAD-0.3"; VariantName = "[No Variations]"
Add component (AddParameter): Name = "Published"; Value = "8-Jun-2000"; VariantName = "[No Variations]"
Add component (AddParameter): Name = "Publisher"; Value = "Altium Limited"; VariantName = "[No Variations]"
Add component (AddParameter): Name = "Value"; Value = "104"; VariantName = "[No Variations]"
Added Component: Designator=C17(0603C)
Add component (AddParameter): Name = "LatestRevisionDate"; Value = "17-Jul-2002"; VariantName = "[No Variations]"
Add component (AddParameter): Name = "LatestRevisionNote"; Value = "Re-released for DXP Platform."; VariantName = "[No Variations]"
Add component (AddParameter): Name = "PackageReference"; Value = "RAD-0.3"; VariantName = "[No Variations]"
Add component (AddParameter): Name = "Published"; Value = "8-Jun-2000"; VariantName = "[No Variations]"
Add component (AddParameter): Name = "Publisher"; Value = "Altium Limited"; VariantName = "[No Variations]"
Add component (AddParameter): Name = "Value"; Value = "104"; VariantName = "[No Variations]"
Added Component: Designator=CG1(HDR1X3)
Add component (AddParameter): Name = "LatestRevisionDate"; Value = "17-Jul-2002"; VariantName = "[No Variations]"
Add component (AddParameter): Name = "LatestRevisionNote"; Value = "Re-released for DXP Platform."; VariantName = "[No Variations]"
Add component (AddParameter): Name = "Publisher"; Value = "Altium Limited"; VariantName = "[No Variations]"
Added Component: Designator=CG2(HDR1X3)
Add component (AddParameter): Name = "LatestRevisionDate"; Value = "17-Jul-2002"; VariantName = "[No Variations]"
Add component (AddParameter): Name = "LatestRevisionNote"; Value = "Re-released for DXP Platform."; VariantName = "[No Variations]"
Add component (AddParameter): Name = "Publisher"; Value = "Altium Limited"; VariantName = "[No Variations]"
Added Component: Designator=CG3(HDR1X3)
Add component (AddParameter): Name = "LatestRevisionDate"; Value = "17-Jul-2002"; VariantName = "[No Variations]"
Add component (AddParameter): Name = "LatestRevisionNote"; Value = "Re-released for DXP Platform."; VariantName = "[No Variations]"
Add component (AddParameter): Name = "Publisher"; Value = "Altium Limited"; VariantName = "[No Variations]"
Added Component: Designator=CH1(SOP16)
Added Component: Designator=DJ1(HDR1X3)
Add component (AddParameter): Name = "LatestRevisionDate"; Value = "17-Jul-2002"; VariantName = "[No Variations]"
Add component (AddParameter): Name = "LatestRevisionNote"; Value = "Re-released for DXP Platform."; VariantName = "[No Variations]"
Add component (AddParameter): Name = "Publisher"; Value = "Altium Limited"; VariantName = "[No Variations]"
Added Component: Designator=DJ2(HDR1X3)
Add component (AddParameter): Name = "LatestRevisionDate"; Value = "17-Jul-2002"; VariantName = "[No Variations]"
Add component (AddParameter): Name = "LatestRevisionNote"; Value = "Re-released for DXP Platform."; VariantName = "[No Variations]"
Add component (AddParameter): Name = "Publisher"; Value = "Altium Limited"; VariantName = "[No Variations]"
Added Component: Designator=DJ3(HDR1X3)
Add component (AddParameter): Name = "LatestRevisionDate"; Value = "17-Jul-2002"; VariantName = "[No Variations]"
Add component (AddParameter): Name = "LatestRevisionNote"; Value = "Re-released for DXP Platform."; VariantName = "[No Variations]"
Add component (AddParameter): Name = "Publisher"; Value = "Altium Limited"; VariantName = "[No Variations]"
Added Component: Designator=DJ4(HDR1X3)
Add component (AddParameter): Name = "LatestRevisionDate"; Value = "17-Jul-2002"; VariantName = "[No Variations]"
Add component (AddParameter): Name = "LatestRevisionNote"; Value = "Re-released for DXP Platform."; VariantName = "[No Variations]"
Add component (AddParameter): Name = "Publisher"; Value = "Altium Limited"; VariantName = "[No Variations]"
Added Component: Designator=DJ5(HDR1X3)
Add component (AddParameter): Name = "LatestRevisionDate"; Value = "17-Jul-2002"; VariantName = "[No Variations]"
Add component (AddParameter): Name = "LatestRevisionNote"; Value = "Re-released for DXP Platform."; VariantName = "[No Variations]"
Add component (AddParameter): Name = "Publisher"; Value = "Altium Limited"; VariantName = "[No Variations]"
Added Component: Designator=DJ6(HDR1X3)
Add component (AddParameter): Name = "LatestRevisionDate"; Value = "17-Jul-2002"; VariantName = "[No Variations]"
Add component (AddParameter): Name = "LatestRevisionNote"; Value = "Re-released for DXP Platform."; VariantName = "[No Variations]"
Add component (AddParameter): Name = "Publisher"; Value = "Altium Limited"; VariantName = "[No Variations]"
Added Component: Designator=F1(0805R)
Add component (AddParameter): Name = "LatestRevisionDate"; Value = "17-Jul-2002"; VariantName = "[No Variations]"
Add component (AddParameter): Name = "LatestRevisionNote"; Value = "Re-released for DXP Platform."; VariantName = "[No Variations]"
Add component (AddParameter): Name = "PackageReference"; Value = "AXIAL-0.4"; VariantName = "[No Variations]"
Add component (AddParameter): Name = "Published"; Value = "8-Jun-2000"; VariantName = "[No Variations]"
Add component (AddParameter): Name = "Publisher"; Value = "Altium Limited"; VariantName = "[No Variations]"
Add component (AddParameter): Name = "Value"; Value = "1K"; VariantName = "[No Variations]"
Added Component: Designator=F2(0805R)
Add component (AddParameter): Name = "LatestRevisionDate"; Value = "17-Jul-2002"; VariantName = "[No Variations]"
Add component (AddParameter): Name = "LatestRevisionNote"; Value = "Re-released for DXP Platform."; VariantName = "[No Variations]"
Add component (AddParameter): Name = "PackageReference"; Value = "AXIAL-0.4"; VariantName = "[No Variations]"
Add component (AddParameter): Name = "Published"; Value = "8-Jun-2000"; VariantName = "[No Variations]"
Add component (AddParameter): Name = "Publisher"; Value = "Altium Limited"; VariantName = "[No Variations]"
Add component (AddParameter): Name = "Value"; Value = "1K"; VariantName = "[No Variations]"
Added Component: Designator=F3(0805R)
Add component (AddParameter): Name = "LatestRevisionDate"; Value = "17-Jul-2002"; VariantName = "[No Variations]"
Add component (AddParameter): Name = "LatestRevisionNote"; Value = "Re-released for DXP Platform."; VariantName = "[No Variations]"
Add component (AddParameter): Name = "PackageReference"; Value = "AXIAL-0.4"; VariantName = "[No Variations]"
Add component (AddParameter): Name = "Published"; Value = "8-Jun-2000"; VariantName = "[No Variations]"
Add component (AddParameter): Name = "Publisher"; Value = "Altium Limited"; VariantName = "[No Variations]"
Add component (AddParameter): Name = "Value"; Value = "1K"; VariantName = "[No Variations]"
Added Component: Designator=F4(0805R)
Add component (AddParameter): Name = "LatestRevisionDate"; Value = "17-Jul-2002"; VariantName = "[No Variations]"
Add component (AddParameter): Name = "LatestRevisionNote"; Value = "Re-released for DXP Platform."; VariantName = "[No Variations]"
Add component (AddParameter): Name = "PackageReference"; Value = "AXIAL-0.4"; VariantName = "[No Variations]"
Add component (AddParameter): Name = "Published"; Value = "8-Jun-2000"; VariantName = "[No Variations]"
Add component (AddParameter): Name = "Publisher"; Value = "Altium Limited"; VariantName = "[No Variations]"
Add component (AddParameter): Name = "Value"; Value = "1K"; VariantName = "[No Variations]"
Added Component: Designator=I1(HDR1X4)
Add component (AddParameter): Name = "LatestRevisionDate"; Value = "17-Jul-2002"; VariantName = "[No Variations]"
Add component (AddParameter): Name = "LatestRevisionNote"; Value = "Re-released for DXP Platform."; VariantName = "[No Variations]"
Add component (AddParameter): Name = "Publisher"; Value = "Altium Limited"; VariantName = "[No Variations]"
Added Component: Designator=L1(L_8x15)
Add component (AddParameter): Name = "LatestRevisionDate"; Value = "17-Jul-2002"; VariantName = "[No Variations]"
Add component (AddParameter): Name = "LatestRevisionNote"; Value = "Re-released for DXP Platform."; VariantName = "[No Variations]"
Add component (AddParameter): Name = "PackageReference"; Value = "DIODE_SMC"; VariantName = "[No Variations]"
Add component (AddParameter): Name = "Published"; Value = "24-Mar-1999"; VariantName = "[No Variations]"
Add component (AddParameter): Name = "Publisher"; Value = "Altium Limited"; VariantName = "[No Variations]"
Add component (AddParameter): Name = "Value"; Value = "47uH"; VariantName = "[No Variations]"
Added Component: Designator=LM1(spx520)
Added Component: Designator=MBR2045(SS54)
Add component (AddParameter): Name = "Code_JEDEC"; Value = "DO-204-AL"; VariantName = "[No Variations]"
Add component (AddParameter): Name = "ComponentLink1Description"; Value = "Manufacturer Link"; VariantName = "[No Variations]"
Add component (AddParameter): Name = "ComponentLink1URL"; Value = "http://www.fairchildsemi.com/"; VariantName = "[No Variations]"
Add component (AddParameter): Name = "ComponentLink2Description"; Value = "Datasheet"; VariantName = "[No Variations]"
Add component (AddParameter): Name = "ComponentLink2URL"; Value = "http://www.fairchildsemi.com/ds/1N%2F1N4001.pdf"; VariantName = "[No Variations]"
Add component (AddParameter): Name = "DatasheetDocument"; Value = "1998"; VariantName = "[No Variations]"
Add component (AddParameter): Name = "LatestRevisionDate"; Value = "17-Jul-2002"; VariantName = "[No Variations]"
Add component (AddParameter): Name = "LatestRevisionNote"; Value = "Re-released for DXP Platform."; VariantName = "[No Variations]"
Add component (AddParameter): Name = "PackageDocument"; Value = "Aug-1999"; VariantName = "[No Variations]"
Add component (AddParameter): Name = "PackageReference"; Value = "DO-41"; VariantName = "[No Variations]"
Add component (AddParameter): Name = "Published"; Value = "8-Jun-2000"; VariantName = "[No Variations]"
Add component (AddParameter): Name = "Publisher"; Value = "Altium Limited"; VariantName = "[No Variations]"
Added Component: Designator=MUSB1(microMINIusb 2)
Added Component: Designator=NLED1(0603L)
Added Component: Designator=P1(beep_9mm)
Add component (AddParameter): Name = "LatestRevisionDate"; Value = "17-Jul-2002"; VariantName = "[No Variations]"
Add component (AddParameter): Name = "LatestRevisionNote"; Value = "Re-released for DXP Platform."; VariantName = "[No Variations]"
Add component (AddParameter): Name = "PackageReference"; Value = "PIN2"; VariantName = "[No Variations]"
Add component (AddParameter): Name = "Published"; Value = "24-Mar-1999"; VariantName = "[No Variations]"
Add component (AddParameter): Name = "Publisher"; Value = "Altium Limited"; VariantName = "[No Variations]"
Added Component: Designator=P2(HDR1X6)
Add component (AddParameter): Name = "LatestRevisionDate"; Value = "17-Jul-2002"; VariantName = "[No Variations]"
Add component (AddParameter): Name = "LatestRevisionNote"; Value = "Re-released for DXP Platform."; VariantName = "[No Variations]"
Add component (AddParameter): Name = "Publisher"; Value = "Altium Limited"; VariantName = "[No Variations]"
Added Component: Designator=P3(HDR1X6)
Add component (AddParameter): Name = "LatestRevisionDate"; Value = "17-Jul-2002"; VariantName = "[No Variations]"
Add component (AddParameter): Name = "LatestRevisionNote"; Value = "Re-released for DXP Platform."; VariantName = "[No Variations]"
Add component (AddParameter): Name = "Publisher"; Value = "Altium Limited"; VariantName = "[No Variations]"
Added Component: Designator=PLED1(0603L)
Added Component: Designator=PP1(接线柱_2)
Add component (AddParameter): Name = "LatestRevisionDate"; Value = "17-Jul-2002"; VariantName = "[No Variations]"
Add component (AddParameter): Name = "LatestRevisionNote"; Value = "Re-released for DXP Platform."; VariantName = "[No Variations]"
Add component (AddParameter): Name = "Publisher"; Value = "Altium Limited"; VariantName = "[No Variations]"
Added Component: Designator=PS1(0805R)
Add component (AddParameter): Name = "LatestRevisionDate"; Value = "17-Jul-2002"; VariantName = "[No Variations]"
Add component (AddParameter): Name = "LatestRevisionNote"; Value = "Re-released for DXP Platform."; VariantName = "[No Variations]"
Add component (AddParameter): Name = "PackageReference"; Value = "AXIAL-0.4"; VariantName = "[No Variations]"
Add component (AddParameter): Name = "Published"; Value = "8-Jun-2000"; VariantName = "[No Variations]"
Add component (AddParameter): Name = "Publisher"; Value = "Altium Limited"; VariantName = "[No Variations]"
Add component (AddParameter): Name = "Value"; Value = "1K"; VariantName = "[No Variations]"
Added Component: Designator=Q1(sot-23)
Added Component: Designator=Q2(sot-23)
Added Component: Designator=R1(0603R)
Add component (AddParameter): Name = "LatestRevisionDate"; Value = "17-Jul-2002"; VariantName = "[No Variations]"
Add component (AddParameter): Name = "LatestRevisionNote"; Value = "Re-released for DXP Platform."; VariantName = "[No Variations]"
Add component (AddParameter): Name = "PackageReference"; Value = "AXIAL-0.4"; VariantName = "[No Variations]"
Add component (AddParameter): Name = "Published"; Value = "8-Jun-2000"; VariantName = "[No Variations]"
Add component (AddParameter): Name = "Publisher"; Value = "Altium Limited"; VariantName = "[No Variations]"
Add component (AddParameter): Name = "Value"; Value = "2k"; VariantName = "[No Variations]"
Added Component: Designator=R2(0603R)
Add component (AddParameter): Name = "LatestRevisionDate"; Value = "17-Jul-2002"; VariantName = "[No Variations]"
Add component (AddParameter): Name = "LatestRevisionNote"; Value = "Re-released for DXP Platform."; VariantName = "[No Variations]"
Add component (AddParameter): Name = "PackageReference"; Value = "AXIAL-0.4"; VariantName = "[No Variations]"
Add component (AddParameter): Name = "Published"; Value = "8-Jun-2000"; VariantName = "[No Variations]"
Add component (AddParameter): Name = "Publisher"; Value = "Altium Limited"; VariantName = "[No Variations]"
Add component (AddParameter): Name = "Value"; Value = "1K"; VariantName = "[No Variations]"
Added Component: Designator=R3(0603R)
Add component (AddParameter): Name = "LatestRevisionDate"; Value = "17-Jul-2002"; VariantName = "[No Variations]"
Add component (AddParameter): Name = "LatestRevisionNote"; Value = "Re-released for DXP Platform."; VariantName = "[No Variations]"
Add component (AddParameter): Name = "PackageReference"; Value = "AXIAL-0.4"; VariantName = "[No Variations]"
Add component (AddParameter): Name = "Published"; Value = "8-Jun-2000"; VariantName = "[No Variations]"
Add component (AddParameter): Name = "Publisher"; Value = "Altium Limited"; VariantName = "[No Variations]"
Add component (AddParameter): Name = "Value"; Value = "1K"; VariantName = "[No Variations]"
Added Component: Designator=R4(0603R)
Add component (AddParameter): Name = "LatestRevisionDate"; Value = "17-Jul-2002"; VariantName = "[No Variations]"
Add component (AddParameter): Name = "LatestRevisionNote"; Value = "Re-released for DXP Platform."; VariantName = "[No Variations]"
Add component (AddParameter): Name = "PackageReference"; Value = "AXIAL-0.4"; VariantName = "[No Variations]"
Add component (AddParameter): Name = "Published"; Value = "8-Jun-2000"; VariantName = "[No Variations]"
Add component (AddParameter): Name = "Publisher"; Value = "Altium Limited"; VariantName = "[No Variations]"
Add component (AddParameter): Name = "Value"; Value = "20K"; VariantName = "[No Variations]"
Added Component: Designator=R5(0603R)
Add component (AddParameter): Name = "LatestRevisionDate"; Value = "17-Jul-2002"; VariantName = "[No Variations]"
Add component (AddParameter): Name = "LatestRevisionNote"; Value = "Re-released for DXP Platform."; VariantName = "[No Variations]"
Add component (AddParameter): Name = "PackageReference"; Value = "AXIAL-0.4"; VariantName = "[No Variations]"
Add component (AddParameter): Name = "Published"; Value = "8-Jun-2000"; VariantName = "[No Variations]"
Add component (AddParameter): Name = "Publisher"; Value = "Altium Limited"; VariantName = "[No Variations]"
Add component (AddParameter): Name = "Value"; Value = "10K"; VariantName = "[No Variations]"
Added Component: Designator=R6(0603R)
Add component (AddParameter): Name = "LatestRevisionDate"; Value = "17-Jul-2002"; VariantName = "[No Variations]"
Add component (AddParameter): Name = "LatestRevisionNote"; Value = "Re-released for DXP Platform."; VariantName = "[No Variations]"
Add component (AddParameter): Name = "PackageReference"; Value = "AXIAL-0.4"; VariantName = "[No Variations]"
Add component (AddParameter): Name = "Published"; Value = "8-Jun-2000"; VariantName = "[No Variations]"
Add component (AddParameter): Name = "Publisher"; Value = "Altium Limited"; VariantName = "[No Variations]"
Add component (AddParameter): Name = "Value"; Value = "10K"; VariantName = "[No Variations]"
Added Component: Designator=R7(0603R)
Add component (AddParameter): Name = "LatestRevisionDate"; Value = "17-Jul-2002"; VariantName = "[No Variations]"
Add component (AddParameter): Name = "LatestRevisionNote"; Value = "Re-released for DXP Platform."; VariantName = "[No Variations]"
Add component (AddParameter): Name = "PackageReference"; Value = "AXIAL-0.4"; VariantName = "[No Variations]"
Add component (AddParameter): Name = "Published"; Value = "8-Jun-2000"; VariantName = "[No Variations]"
Add component (AddParameter): Name = "Publisher"; Value = "Altium Limited"; VariantName = "[No Variations]"
Add component (AddParameter): Name = "Value"; Value = "10K"; VariantName = "[No Variations]"
Added Component: Designator=R8(0603R)
Add component (AddParameter): Name = "LatestRevisionDate"; Value = "17-Jul-2002"; VariantName = "[No Variations]"
Add component (AddParameter): Name = "LatestRevisionNote"; Value = "Re-released for DXP Platform."; VariantName = "[No Variations]"
Add component (AddParameter): Name = "PackageReference"; Value = "AXIAL-0.4"; VariantName = "[No Variations]"
Add component (AddParameter): Name = "Published"; Value = "8-Jun-2000"; VariantName = "[No Variations]"
Add component (AddParameter): Name = "Publisher"; Value = "Altium Limited"; VariantName = "[No Variations]"
Add component (AddParameter): Name = "Value"; Value = "1K"; VariantName = "[No Variations]"
Added Component: Designator=R9(0603R)
Add component (AddParameter): Name = "LatestRevisionDate"; Value = "17-Jul-2002"; VariantName = "[No Variations]"
Add component (AddParameter): Name = "LatestRevisionNote"; Value = "Re-released for DXP Platform."; VariantName = "[No Variations]"
Add component (AddParameter): Name = "PackageReference"; Value = "AXIAL-0.4"; VariantName = "[No Variations]"
Add component (AddParameter): Name = "Published"; Value = "8-Jun-2000"; VariantName = "[No Variations]"
Add component (AddParameter): Name = "Publisher"; Value = "Altium Limited"; VariantName = "[No Variations]"
Add component (AddParameter): Name = "Value"; Value = "1K"; VariantName = "[No Variations]"
Added Component: Designator=R10(0603R)
Add component (AddParameter): Name = "LatestRevisionDate"; Value = "17-Jul-2002"; VariantName = "[No Variations]"
Add component (AddParameter): Name = "LatestRevisionNote"; Value = "Re-released for DXP Platform."; VariantName = "[No Variations]"
Add component (AddParameter): Name = "PackageReference"; Value = "AXIAL-0.4"; VariantName = "[No Variations]"
Add component (AddParameter): Name = "Published"; Value = "8-Jun-2000"; VariantName = "[No Variations]"
Add component (AddParameter): Name = "Publisher"; Value = "Altium Limited"; VariantName = "[No Variations]"
Add component (AddParameter): Name = "Value"; Value = "1K"; VariantName = "[No Variations]"
Added Component: Designator=R11(0603R)
Add component (AddParameter): Name = "LatestRevisionDate"; Value = "17-Jul-2002"; VariantName = "[No Variations]"
Add component (AddParameter): Name = "LatestRevisionNote"; Value = "Re-released for DXP Platform."; VariantName = "[No Variations]"
Add component (AddParameter): Name = "PackageReference"; Value = "AXIAL-0.4"; VariantName = "[No Variations]"
Add component (AddParameter): Name = "Published"; Value = "8-Jun-2000"; VariantName = "[No Variations]"
Add component (AddParameter): Name = "Publisher"; Value = "Altium Limited"; VariantName = "[No Variations]"
Add component (AddParameter): Name = "Value"; Value = "1K"; VariantName = "[No Variations]"
Added Component: Designator=R_RST1(0603R)
Add component (AddParameter): Name = "LatestRevisionDate"; Value = "17-Jul-2002"; VariantName = "[No Variations]"
Add component (AddParameter): Name = "LatestRevisionNote"; Value = "Re-released for DXP Platform."; VariantName = "[No Variations]"
Add component (AddParameter): Name = "PackageReference"; Value = "AXIAL-0.4"; VariantName = "[No Variations]"
Add component (AddParameter): Name = "Published"; Value = "8-Jun-2000"; VariantName = "[No Variations]"
Add component (AddParameter): Name = "Publisher"; Value = "Altium Limited"; VariantName = "[No Variations]"
Add component (AddParameter): Name = "Value"; Value = "1K"; VariantName = "[No Variations]"
Added Component: Designator=SER1(HDR1X4)
Add component (AddParameter): Name = "LatestRevisionDate"; Value = "17-Jul-2002"; VariantName = "[No Variations]"
Add component (AddParameter): Name = "LatestRevisionNote"; Value = "Re-released for DXP Platform."; VariantName = "[No Variations]"
Add component (AddParameter): Name = "Publisher"; Value = "Altium Limited"; VariantName = "[No Variations]"
Added Component: Designator=SER2(HDR1X4)
Add component (AddParameter): Name = "LatestRevisionDate"; Value = "17-Jul-2002"; VariantName = "[No Variations]"
Add component (AddParameter): Name = "LatestRevisionNote"; Value = "Re-released for DXP Platform."; VariantName = "[No Variations]"
Add component (AddParameter): Name = "Publisher"; Value = "Altium Limited"; VariantName = "[No Variations]"
Added Component: Designator=SRST1(miniBUTTON)
Added Component: Designator=SS2(贴片_4007)
Add component (AddParameter): Name = "Code_JEDEC"; Value = "DO-214-AB"; VariantName = "[No Variations]"
Add component (AddParameter): Name = "LatestRevisionDate"; Value = "17-Jul-2002"; VariantName = "[No Variations]"
Add component (AddParameter): Name = "LatestRevisionNote"; Value = "Re-released for DXP Platform."; VariantName = "[No Variations]"
Add component (AddParameter): Name = "PackageDocument"; Value = "Sep-1996"; VariantName = "[No Variations]"
Add component (AddParameter): Name = "PackageReference"; Value = "SMC"; VariantName = "[No Variations]"
Add component (AddParameter): Name = "Published"; Value = "8-Jun-2000"; VariantName = "[No Variations]"
Add component (AddParameter): Name = "Publisher"; Value = "Altium Limited"; VariantName = "[No Variations]"
Added Component: Designator=STM32C8T6(LQFP48)
Added Component: Designator=SW1(SW-6A)
Added Component: Designator=U5V0(sot-223)
Added Component: Designator=USBVCC1(HDR1X3)
Add component (AddParameter): Name = "LatestRevisionDate"; Value = "17-Jul-2002"; VariantName = "[No Variations]"
Add component (AddParameter): Name = "LatestRevisionNote"; Value = "Re-released for DXP Platform."; VariantName = "[No Variations]"
Add component (AddParameter): Name = "Publisher"; Value = "Altium Limited"; VariantName = "[No Variations]"
Added Component: Designator=W1(sop8 - kuan)
Added Component: Designator=xl(PCBComponent_1)
Add component (AddParameter): Name = "Add into BOM"; Value = "yes"; VariantName = "[No Variations]"
Add component (AddParameter): Name = "Convert to PCB"; Value = "yes"; VariantName = "[No Variations]"
Add component (AddParameter): Name = "Datasheet"; Value = "https://atta.szlcsc.com/upload/public/pdf/source/20221017/BA256A5392B705775B4C335FAFB3EDCF.pdf"; VariantName = "[No Variations]"
Add component (AddParameter): Name = "Device"; Value = "XL4016E1"; VariantName = "[No Variations]"
Add component (AddParameter): Name = "Function"; Value = "降压型"; VariantName = "[No Variations]"
Add component (AddParameter): Name = "Input Voltage"; Value = "8V~40V"; VariantName = "[No Variations]"
Add component (AddParameter): Name = "JLCPCB Part Class"; Value = "Extended Part"; VariantName = "[No Variations]"
Add component (AddParameter): Name = "LCSC Part Name"; Value = "降压型 Vin=8V~40V Vout=1.25V~36V 8A"; VariantName = "[No Variations]"
Add component (AddParameter): Name = "Manufacturer"; Value = "XLSEMI(芯龙)"; VariantName = "[No Variations]"
Add component (AddParameter): Name = "Manufacturer Part"; Value = "XL4016E1"; VariantName = "[No Variations]"
Add component (AddParameter): Name = "Name"; Value = "XL4016E1"; VariantName = "[No Variations]"
Add component (AddParameter): Name = "Number of Outputs"; Value = "1"; VariantName = "[No Variations]"
Add component (AddParameter): Name = "Output Current (Max)"; Value = "8A"; VariantName = "[No Variations]"
Add component (AddParameter): Name = "Output Voltage"; Value = "1.25V~36V"; VariantName = "[No Variations]"
Add component (AddParameter): Name = "Supplier"; Value = "LCSC"; VariantName = "[No Variations]"
Add component (AddParameter): Name = "Supplier Footprint"; Value = "TO-220-5"; VariantName = "[No Variations]"
Add component (AddParameter): Name = "Supplier Part"; Value = "C55881"; VariantName = "[No Variations]"
Add component (AddParameter): Name = "Switching Frequency"; Value = "180kHz"; VariantName = "[No Variations]"
Add component (AddParameter): Name = "Symbol"; Value = "XL4016E1"; VariantName = "[No Variations]"
Add component (AddParameter): Name = "Synchronous Rectification"; Value = "否"; VariantName = "[No Variations]"
Add component (AddParameter): Name = "Topology"; Value = "降压式"; VariantName = "[No Variations]"
Added Component: Designator=XT_1(XTAL_3213)
Added Component: Designator=XT_2(XTAL_3213)
Added Pin To Net: NetName=VDJ Pin=1-3
Added Pin To Net: NetName=BOOT1 Pin=2-1
Added Pin To Net: NetName=VCC-3.3 Pin=2-2
Added Pin To Net: NetName=BOOT1 Pin=2-3
Added Pin To Net: NetName=VCC-3.3 Pin=2-4
Added Pin To Net: NetName=VCC-5.0 Pin=3-1
Added Pin To Net: NetName=BOOT1 Pin=3-2
Added Pin To Net: NetName=VCC-5.0 Pin=3-3
Added Pin To Net: NetName=BOOT1 Pin=3-4
Added Pin To Net: NetName=VCC-5.0 Pin=3-5
Added Pin To Net: NetName=BOOT1 Pin=3-6
Added Pin To Net: NetName=RST Pin=4-1
Added Pin To Net: NetName=Net4_2 Pin=4-2
Added Pin To Net: NetName=NetBOOT1_1 Pin=BOOT1-1
Added Pin To Net: NetName=BOOT0 Pin=BOOT1-2
Added Pin To Net: NetName=BOOT1 Pin=BOOT1-3
Added Pin To Net: NetName=BOOT1 Pin=C1-1
Added Pin To Net: NetName=VCC-5.0 Pin=C1-2
Added Pin To Net: NetName=VCC-IN Pin=C2-1
Added Pin To Net: NetName=BOOT1 Pin=C2-2
Added Pin To Net: NetName=VCC-IN Pin=C3-1
Added Pin To Net: NetName=BOOT1 Pin=C3-2
Added Pin To Net: NetName=VCC-IN Pin=C4-1
Added Pin To Net: NetName=BOOT1 Pin=C5-1
Added Pin To Net: NetName=VIN Pin=C5-2
Added Pin To Net: NetName=BOOT1 Pin=C6-1
Added Pin To Net: NetName=VCC-5.0 Pin=C6-2
Added Pin To Net: NetName=VDJ Pin=C7-1
Added Pin To Net: NetName=BOOT1 Pin=C7-2
Added Pin To Net: NetName=VDJ Pin=C8-1
Added Pin To Net: NetName=VDJ Pin=C9-1
Added Pin To Net: NetName=BOOT1 Pin=C9-2
Added Pin To Net: NetName=BOOT1 Pin=C10-1
Added Pin To Net: NetName=VCC-3.3 Pin=C10-2
Added Pin To Net: NetName=BOOT1 Pin=C11-1
Added Pin To Net: NetName=VCC-5.0 Pin=C11-2
Added Pin To Net: NetName=BOOT1 Pin=C12-1
Added Pin To Net: NetName=RST Pin=C12-2
Added Pin To Net: NetName=NetC13_1 Pin=C13-1
Added Pin To Net: NetName=BOOT1 Pin=C13-2
Added Pin To Net: NetName=NetC13_1 Pin=C14-1
Added Pin To Net: NetName=BOOT1 Pin=C14-2
Added Pin To Net: NetName=NetC13_1 Pin=C15-1
Added Pin To Net: NetName=BOOT1 Pin=C15-2
Added Pin To Net: NetName=NetC16_1 Pin=C16-1
Added Pin To Net: NetName=BOOT1 Pin=C16-2
Added Pin To Net: NetName=BOOT1 Pin=C17-1
Added Pin To Net: NetName=VCC-5.0 Pin=C17-2
Added Pin To Net: NetName=PA1 Pin=CG1-1
Added Pin To Net: NetName=VCC-5.0 Pin=CG1-2
Added Pin To Net: NetName=BOOT1 Pin=CG1-3
Added Pin To Net: NetName=PA0 Pin=CG2-1
Added Pin To Net: NetName=VCC-5.0 Pin=CG2-2
Added Pin To Net: NetName=BOOT1 Pin=CG2-3
Added Pin To Net: NetName=PB11 Pin=CG3-1
Added Pin To Net: NetName=VCC-5.0 Pin=CG3-2
Added Pin To Net: NetName=BOOT1 Pin=CG3-3
Added Pin To Net: NetName=BOOT1 Pin=CH1-1
Added Pin To Net: NetName=RXD1 Pin=CH1-2
Added Pin To Net: NetName=PA9 Pin=CH1-3
Added Pin To Net: NetName=NetC16_1 Pin=CH1-4
Added Pin To Net: NetName=NetCH1_5 Pin=CH1-5
Added Pin To Net: NetName=NetCH1_6 Pin=CH1-6
Added Pin To Net: NetName=NetCH1_7 Pin=CH1-7
Added Pin To Net: NetName=NetCH1_8 Pin=CH1-8
Added Pin To Net: NetName=DTR Pin=CH1-13
Added Pin To Net: NetName=RTS Pin=CH1-14
Added Pin To Net: NetName=NetC13_1 Pin=CH1-16
Added Pin To Net: NetName=PB15 Pin=DJ1-1
Added Pin To Net: NetName=VDJ Pin=DJ1-2
Added Pin To Net: NetName=NetDJ1_3 Pin=DJ1-3
Added Pin To Net: NetName=PA8 Pin=DJ2-1
Added Pin To Net: NetName=VDJ Pin=DJ2-2
Added Pin To Net: NetName=NetDJ2_3 Pin=DJ2-3
Added Pin To Net: NetName=PB5 Pin=DJ3-1
Added Pin To Net: NetName=VDJ Pin=DJ3-2
Added Pin To Net: NetName=NetDJ3_3 Pin=DJ3-3
Added Pin To Net: NetName=PB4 Pin=DJ4-1
Added Pin To Net: NetName=VDJ Pin=DJ4-2
Added Pin To Net: NetName=NetDJ4_3 Pin=DJ4-3
Added Pin To Net: NetName=PB3 Pin=DJ5-1
Added Pin To Net: NetName=VDJ Pin=DJ5-2
Added Pin To Net: NetName=NetDJ5_3 Pin=DJ5-3
Added Pin To Net: NetName=PA15 Pin=DJ6-1
Added Pin To Net: NetName=VDJ Pin=DJ6-2
Added Pin To Net: NetName=BOOT1 Pin=DJ6-3
Added Pin To Net: NetName=BOOT1 Pin=F1-1
Added Pin To Net: NetName=NetDJ1_3 Pin=F1-2
Added Pin To Net: NetName=BOOT1 Pin=F2-1
Added Pin To Net: NetName=NetDJ2_3 Pin=F2-2
Added Pin To Net: NetName=BOOT1 Pin=F3-1
Added Pin To Net: NetName=NetDJ3_3 Pin=F3-2
Added Pin To Net: NetName=BOOT1 Pin=F4-1
Added Pin To Net: NetName=NetDJ4_3 Pin=F4-2
Added Pin To Net: NetName=A_SDA Pin=I1-1
Added Pin To Net: NetName=A_SCL Pin=I1-2
Added Pin To Net: NetName=BOOT1 Pin=I1-3
Added Pin To Net: NetName=VCC-5.0 Pin=I1-4
Added Pin To Net: NetName=VDJ Pin=L1-1
Added Pin To Net: NetName=VCC-5.0 Pin=LM1-1
Added Pin To Net: NetName=BOOT1 Pin=LM1-2
Added Pin To Net: NetName=NetLM1_3 Pin=LM1-3
Added Pin To Net: NetName=VCC-3.3 Pin=LM1-5
Added Pin To Net: NetName=BOOT1 Pin=MBR2045-1
Added Pin To Net: NetName=NetC13_1 Pin=MUSB1-1
Added Pin To Net: NetName=NetCH1_6 Pin=MUSB1-2
Added Pin To Net: NetName=NetCH1_5 Pin=MUSB1-3
Added Pin To Net: NetName=BOOT1 Pin=MUSB1-5
Added Pin To Net: NetName=VCC-3.3 Pin=NLED1-1
Added Pin To Net: NetName=NetNLED1_2 Pin=NLED1-2
Added Pin To Net: NetName=PB13 Pin=P1-1
Added Pin To Net: NetName=VCC-3.3 Pin=P1-2
Added Pin To Net: NetName=VCC-IN Pin=P2-1
Added Pin To Net: NetName=BOOT1 Pin=P2-2
Added Pin To Net: NetName=VCC-3.3 Pin=P2-3
Added Pin To Net: NetName=CAN_RX(PA11) Pin=P2-4
Added Pin To Net: NetName=PB0 Pin=P2-5
Added Pin To Net: NetName=CAN_TX(PA12) Pin=P2-6
Added Pin To Net: NetName=VCC-IN Pin=P3-1
Added Pin To Net: NetName=BOOT1 Pin=P3-2
Added Pin To Net: NetName=VCC-3.3 Pin=P3-3
Added Pin To Net: NetName=PA13 Pin=P3-4
Added Pin To Net: NetName=PB1 Pin=P3-5
Added Pin To Net: NetName=PA14 Pin=P3-6
Added Pin To Net: NetName=VCC-3.3 Pin=PLED1-1
Added Pin To Net: NetName=NetPLED1_2 Pin=PLED1-2
Added Pin To Net: NetName=BOOT1 Pin=PP1-1
Added Pin To Net: NetName=NetPP1_2 Pin=PP1-2
Added Pin To Net: NetName=BOOT1 Pin=PS1-1
Added Pin To Net: NetName=NetDJ5_3 Pin=PS1-2
Added Pin To Net: NetName=NetQ1_1 Pin=Q1-1
Added Pin To Net: NetName=VCC-3.3 Pin=Q1-2
Added Pin To Net: NetName=NetQ1_3 Pin=Q1-3
Added Pin To Net: NetName=NetQ2_1 Pin=Q2-1
Added Pin To Net: NetName=RTS Pin=Q2-2
Added Pin To Net: NetName=Net4_2 Pin=Q2-3
Added Pin To Net: NetName=BOOT1 Pin=R1-2
Added Pin To Net: NetName=BOOT1 Pin=R2-1
Added Pin To Net: NetName=NetPLED1_2 Pin=R2-2
Added Pin To Net: NetName=VCC-5.0 Pin=R3-1
Added Pin To Net: NetName=NetLM1_3 Pin=R3-2
Added Pin To Net: NetName=VIN Pin=R4-1
Added Pin To Net: NetName=PA4 Pin=R4-2
Added Pin To Net: NetName=PA4 Pin=R5-1
Added Pin To Net: NetName=BOOT1 Pin=R5-2
Added Pin To Net: NetName=VCC-3.3 Pin=R6-1
Added Pin To Net: NetName=NetBOOT1_1 Pin=R6-2
Added Pin To Net: NetName=VCC-3.3 Pin=R7-1
Added Pin To Net: NetName=Net4_2 Pin=R7-2
Added Pin To Net: NetName=RTS Pin=R8-1
Added Pin To Net: NetName=NetQ1_1 Pin=R8-2
Added Pin To Net: NetName=NetQ2_1 Pin=R9-1
Added Pin To Net: NetName=DTR Pin=R9-2
Added Pin To Net: NetName=BOOT0 Pin=R10-1
Added Pin To Net: NetName=NetQ1_3 Pin=R10-2
Added Pin To Net: NetName=PB14 Pin=R11-1
Added Pin To Net: NetName=NetNLED1_2 Pin=R11-2
Added Pin To Net: NetName=VCC-3.3 Pin=R_RST1-1
Added Pin To Net: NetName=RST Pin=R_RST1-2
Added Pin To Net: NetName=PA9 Pin=SER1-1
Added Pin To Net: NetName=RXD1 Pin=SER1-2
Added Pin To Net: NetName=BOOT1 Pin=SER1-3
Added Pin To Net: NetName=VCC-5.0 Pin=SER1-4
Added Pin To Net: NetName=PA3 Pin=SER2-1
Added Pin To Net: NetName=PA2 Pin=SER2-2
Added Pin To Net: NetName=BOOT1 Pin=SER2-3
Added Pin To Net: NetName=VCC-5.0 Pin=SER2-4
Added Pin To Net: NetName=RST Pin=SRST1-1
Added Pin To Net: NetName=BOOT1 Pin=SRST1-2
Added Pin To Net: NetName=NetSS2_1 Pin=SS2-1
Added Pin To Net: NetName=VIN Pin=SS2-2
Added Pin To Net: NetName=VCC-3.3 Pin=STM32C8T6-1
Added Pin To Net: NetName=XTAL1 Pin=STM32C8T6-5
Added Pin To Net: NetName=XTAL2 Pin=STM32C8T6-6
Added Pin To Net: NetName=RST Pin=STM32C8T6-7
Added Pin To Net: NetName=BOOT1 Pin=STM32C8T6-8
Added Pin To Net: NetName=VCC-3.3 Pin=STM32C8T6-9
Added Pin To Net: NetName=PA0 Pin=STM32C8T6-10
Added Pin To Net: NetName=PA1 Pin=STM32C8T6-11
Added Pin To Net: NetName=PA2 Pin=STM32C8T6-12
Added Pin To Net: NetName=PA3 Pin=STM32C8T6-13
Added Pin To Net: NetName=PA4 Pin=STM32C8T6-14
Added Pin To Net: NetName=PA5 Pin=STM32C8T6-15
Added Pin To Net: NetName=PA6 Pin=STM32C8T6-16
Added Pin To Net: NetName=PA7 Pin=STM32C8T6-17
Added Pin To Net: NetName=PB0 Pin=STM32C8T6-18
Added Pin To Net: NetName=PB1 Pin=STM32C8T6-19
Added Pin To Net: NetName=BOOT1 Pin=STM32C8T6-20
Added Pin To Net: NetName=PB10 Pin=STM32C8T6-21
Added Pin To Net: NetName=PB11 Pin=STM32C8T6-22
Added Pin To Net: NetName=BOOT1 Pin=STM32C8T6-23
Added Pin To Net: NetName=VCC-3.3 Pin=STM32C8T6-24
Added Pin To Net: NetName=PB12 Pin=STM32C8T6-25
Added Pin To Net: NetName=PB13 Pin=STM32C8T6-26
Added Pin To Net: NetName=PB14 Pin=STM32C8T6-27
Added Pin To Net: NetName=PB15 Pin=STM32C8T6-28
Added Pin To Net: NetName=PA8 Pin=STM32C8T6-29
Added Pin To Net: NetName=PA9 Pin=STM32C8T6-30
Added Pin To Net: NetName=RXD1 Pin=STM32C8T6-31
Added Pin To Net: NetName=CAN_RX(PA11) Pin=STM32C8T6-32
Added Pin To Net: NetName=CAN_TX(PA12) Pin=STM32C8T6-33
Added Pin To Net: NetName=PA13 Pin=STM32C8T6-34
Added Pin To Net: NetName=BOOT1 Pin=STM32C8T6-35
Added Pin To Net: NetName=VCC-3.3 Pin=STM32C8T6-36
Added Pin To Net: NetName=PA14 Pin=STM32C8T6-37
Added Pin To Net: NetName=PA15 Pin=STM32C8T6-38
Added Pin To Net: NetName=PB3 Pin=STM32C8T6-39
Added Pin To Net: NetName=PB4 Pin=STM32C8T6-40
Added Pin To Net: NetName=PB5 Pin=STM32C8T6-41
Added Pin To Net: NetName=A_SCL Pin=STM32C8T6-42
Added Pin To Net: NetName=A_SDA Pin=STM32C8T6-43
Added Pin To Net: NetName=BOOT0 Pin=STM32C8T6-44
Added Pin To Net: NetName=PB8 Pin=STM32C8T6-45
Added Pin To Net: NetName=PB9 Pin=STM32C8T6-46
Added Pin To Net: NetName=BOOT1 Pin=STM32C8T6-47
Added Pin To Net: NetName=VCC-3.3 Pin=STM32C8T6-48
Added Pin To Net: NetName=NetPP1_2 Pin=SW1-1
Added Pin To Net: NetName=NetSS2_1 Pin=SW1-2
Added Pin To Net: NetName=BOOT1 Pin=U5V0-1
Added Pin To Net: NetName=VCC-5.0 Pin=U5V0-2
Added Pin To Net: NetName=VCC-5.0 Pin=U5V0-2
Added Pin To Net: NetName=VIN Pin=U5V0-3
Added Pin To Net: NetName=VCC-5.0 Pin=USBVCC1-2
Added Pin To Net: NetName=NetC13_1 Pin=USBVCC1-3
Added Pin To Net: NetName=PB12 Pin=W1-1
Added Pin To Net: NetName=PA6 Pin=W1-2
Added Pin To Net: NetName=VCC-3.3 Pin=W1-3
Added Pin To Net: NetName=BOOT1 Pin=W1-4
Added Pin To Net: NetName=PA7 Pin=W1-5
Added Pin To Net: NetName=PA5 Pin=W1-6
Added Pin To Net: NetName=VCC-3.3 Pin=W1-7
Added Pin To Net: NetName=VCC-3.3 Pin=W1-8
Added Pin To Net: NetName=BOOT1 Pin=xl-1
Added Pin To Net: NetName=VCC-IN Pin=xl-5
Added Pin To Net: NetName=XTAL1 Pin=XT_1-1
Added Pin To Net: NetName=BOOT1 Pin=XT_1-2
Added Pin To Net: NetName=XTAL2 Pin=XT_1-3
Added Pin To Net: NetName=NetCH1_8 Pin=XT_2-1
Added Pin To Net: NetName=BOOT1 Pin=XT_2-2
Added Pin To Net: NetName=NetCH1_7 Pin=XT_2-3
Added Pin To Net: NetName=Net1_1 Pin=1-1
Added Pin To Net: NetName=Net1_1 Pin=1-2
Added Pin To Net: NetName=Net1_1 Pin=C8-2
Added Pin To Net: NetName=Net1_1 Pin=R1-1
Added Pin To Net: NetName=Net1_1 Pin=xl-2
Added Net: Name=Net1_1
Added Pin To Net: NetName=NetC4_2 Pin=C4-2
Added Pin To Net: NetName=NetC4_2 Pin=xl-4
Added Net: Name=NetC4_2
Added Pin To Net: NetName=NetL1_2 Pin=L1-2
Added Pin To Net: NetName=NetL1_2 Pin=MBR2045-2
Added Pin To Net: NetName=NetL1_2 Pin=xl-3
Added Net: Name=NetL1_2
Added Member To Class: ClassName=Sheet1 Member=Component 1 Header3
Added Member To Class: ClassName=Sheet1 Member=Component 2 Header 2X2
Added Member To Class: ClassName=Sheet1 Member=Component 3 Header 3X2
Added Member To Class: ClassName=Sheet1 Member=Component 4 Diode 1N4007
Added Member To Class: ClassName=Sheet1 Member=Component BOOT1 Header 3
Added Member To Class: ClassName=Sheet1 Member=Component C1 Cap
Added Member To Class: ClassName=Sheet1 Member=Component C2 Cap
Added Member To Class: ClassName=Sheet1 Member=Component C3 Cap Pol1
Added Member To Class: ClassName=Sheet1 Member=Component C4 Cap
Added Member To Class: ClassName=Sheet1 Member=Component C5 Cap
Added Member To Class: ClassName=Sheet1 Member=Component C6 Cap
Added Member To Class: ClassName=Sheet1 Member=Component C7 1000uf25v
Added Member To Class: ClassName=Sheet1 Member=Component C8 Cap
Added Member To Class: ClassName=Sheet1 Member=Component C9 Cap
Added Member To Class: ClassName=Sheet1 Member=Component C10 Cap
Added Member To Class: ClassName=Sheet1 Member=Component C11 Cap
Added Member To Class: ClassName=Sheet1 Member=Component C12 Cap
Added Member To Class: ClassName=Sheet1 Member=Component C13 Cap
Added Member To Class: ClassName=Sheet1 Member=Component C14 Cap
Added Member To Class: ClassName=Sheet1 Member=Component C15 Cap
Added Member To Class: ClassName=Sheet1 Member=Component C16 Cap
Added Member To Class: ClassName=Sheet1 Member=Component C17 Cap
Added Member To Class: ClassName=Sheet1 Member=Component CG1 Header 3
Added Member To Class: ClassName=Sheet1 Member=Component CG2 Header 3
Added Member To Class: ClassName=Sheet1 Member=Component CG3 Header 3
Added Member To Class: ClassName=Sheet1 Member=Component CH1 CH340G
Added Member To Class: ClassName=Sheet1 Member=Component DJ1 Header 3
Added Member To Class: ClassName=Sheet1 Member=Component DJ2 Header 3
Added Member To Class: ClassName=Sheet1 Member=Component DJ3 Header 3
Added Member To Class: ClassName=Sheet1 Member=Component DJ4 Header 3
Added Member To Class: ClassName=Sheet1 Member=Component DJ5 Header 3
Added Member To Class: ClassName=Sheet1 Member=Component DJ6 Header 3
Added Member To Class: ClassName=Sheet1 Member=Component F1 Res2
Added Member To Class: ClassName=Sheet1 Member=Component F2 Res2
Added Member To Class: ClassName=Sheet1 Member=Component F3 Res2
Added Member To Class: ClassName=Sheet1 Member=Component F4 Res2
Added Member To Class: ClassName=Sheet1 Member=Component I1 Header 4
Added Member To Class: ClassName=Sheet1 Member=Component L1 Inductor Iron Dot
Added Member To Class: ClassName=Sheet1 Member=Component LM1 SPX5205M5-L-3.3
Added Member To Class: ClassName=Sheet1 Member=Component MBR2045 Diode 1N4007
Added Member To Class: ClassName=Sheet1 Member=Component MUSB1 USB
Added Member To Class: ClassName=Sheet1 Member=Component NLED1 LED
Added Member To Class: ClassName=Sheet1 Member=Component P1 Speaker
Added Member To Class: ClassName=Sheet1 Member=Component P2 Header 6
Added Member To Class: ClassName=Sheet1 Member=Component P3 Header 6
Added Member To Class: ClassName=Sheet1 Member=Component PLED1 LED
Added Member To Class: ClassName=Sheet1 Member=Component PP1 Header 2
Added Member To Class: ClassName=Sheet1 Member=Component PS1 Res2
Added Member To Class: ClassName=Sheet1 Member=Component Q1 PNP
Added Member To Class: ClassName=Sheet1 Member=Component Q2 NPN
Added Member To Class: ClassName=Sheet1 Member=Component R1 Res2
Added Member To Class: ClassName=Sheet1 Member=Component R2 Res2
Added Member To Class: ClassName=Sheet1 Member=Component R3 Res2
Added Member To Class: ClassName=Sheet1 Member=Component R4 Res2
Added Member To Class: ClassName=Sheet1 Member=Component R5 Res2
Added Member To Class: ClassName=Sheet1 Member=Component R6 Res2
Added Member To Class: ClassName=Sheet1 Member=Component R7 Res2
Added Member To Class: ClassName=Sheet1 Member=Component R8 Res2
Added Member To Class: ClassName=Sheet1 Member=Component R9 Res2
Added Member To Class: ClassName=Sheet1 Member=Component R10 Res2
Added Member To Class: ClassName=Sheet1 Member=Component R11 Res2
Added Member To Class: ClassName=Sheet1 Member=Component R_RST1 Res2
Added Member To Class: ClassName=Sheet1 Member=Component SER1 Header 4
Added Member To Class: ClassName=Sheet1 Member=Component SER2 Header 4
Added Member To Class: ClassName=Sheet1 Member=Component SRST1 SW-PB
Added Member To Class: ClassName=Sheet1 Member=Component SS2 Diode
Added Member To Class: ClassName=Sheet1 Member=Component STM32C8T6 STM32
Added Member To Class: ClassName=Sheet1 Member=Component SW1 SW-6A
Added Member To Class: ClassName=Sheet1 Member=Component U5V0 AMS1117
Added Member To Class: ClassName=Sheet1 Member=Component USBVCC1 Header 3
Added Member To Class: ClassName=Sheet1 Member=Component W1 W25Q64
Added Member To Class: ClassName=Sheet1 Member=Component xl XL4016E1
Added Member To Class: ClassName=Sheet1 Member=Component XT_1 xtal2
Added Member To Class: ClassName=Sheet1 Member=Component XT_2 xtal2
Added Room: Name=Sheet1
