Change Component Designator: Old Designator=? New Designator=2
Change Component Designator: Old Designator=? New Designator=3
Change Component Designator: Old Designator=? New Designator=4
Change Component Designator: Old Designator=BOOT? New Designator=BOOT1
Change Component Designator: Old Designator=C? New Designator=C13
Change Component Designator: Old Designator=C? New Designator=C14
Change Component Designator: Old Designator=C? New Designator=C15
Change Component Designator: Old Designator=C? New Designator=C16
Change Component Designator: Old Designator=C? New Designator=C17
Change Component Designator: Old Designator=CG? New Designator=CG1
Change Component Designator: Old Designator=CG? New Designator=CG2
Change Component Designator: Old Designator=CG? New Designator=CG3
Change Component Designator: Old Designator=CH? New Designator=CH1
Change Component Designator: Old Designator=DJ? New Designator=DJ1
Change Component Designator: Old Designator=DJ? New Designator=DJ2
Change Component Designator: Old Designator=DJ? New Designator=DJ3
Change Component Designator: Old Designator=DJ? New Designator=DJ4
Change Component Designator: Old Designator=DJ? New Designator=DJ5
Change Component Designator: Old Designator=DJ? New Designator=DJ6
Change Component Designator: Old Designator=F? New Designator=F1
Change Component Designator: Old Designator=F? New Designator=F2
Change Component Designator: Old Designator=F? New Designator=F3
Change Component Designator: Old Designator=F? New Designator=F4
Change Component Designator: Old Designator=I? New Designator=I1
Change Component Designator: Old Designator=MUSB? New Designator=MUSB1
Change Component Designator: Old Designator=NLED? New Designator=NLED1
Change Component Designator: Old Designator=P? New Designator=P1
Change Component Designator: Old Designator=PS? New Designator=PS1
Change Component Designator: Old Designator=Q? New Designator=Q1
Change Component Designator: Old Designator=Q? New Designator=Q2
Change Component Designator: Old Designator=R? New Designator=R4
Change Component Designator: Old Designator=R? New Designator=R5
Change Component Designator: Old Designator=R? New Designator=R6
Change Component Designator: Old Designator=R? New Designator=R7
Change Component Designator: Old Designator=R? New Designator=R8
Change Component Designator: Old Designator=R? New Designator=R9
Change Component Designator: Old Designator=R? New Designator=R10
Change Component Designator: Old Designator=R? New Designator=R11
Change Component Designator: Old Designator=SER? New Designator=SER1
Change Component Designator: Old Designator=SER? New Designator=SER2
Change Component Designator: Old Designator=SRST? New Designator=SRST1
Change Component Designator: Old Designator=USBVCC? New Designator=USBVCC1
Change Component Designator: Old Designator=W? New Designator=W1
Change Component Designator: Old Designator=XT_? New Designator=XT_2
